2026-04-26T09:17:14.33024Z	Cloning repository...
2026-04-26T09:17:19.398467Z	From https://github.com/321tutur123/axion-pad
2026-04-26T09:17:19.398838Z	 * branch            7f43a08b16503ea7084c15376f28b6f7f9153e20 -> FETCH_HEAD
2026-04-26T09:17:19.398899Z	
2026-04-26T09:17:20.874974Z	HEAD is now at 7f43a08 Merge remote changes and mise a jour du model 3d
2026-04-26T09:17:20.875288Z	
2026-04-26T09:17:20.91587Z	
2026-04-26T09:17:20.916618Z	Using v2 root directory strategy
2026-04-26T09:17:20.928123Z	Success: Finished cloning repository files
2026-04-26T09:17:24.093282Z	Checking for configuration in a Wrangler configuration file (BETA)
2026-04-26T09:17:24.093802Z	
2026-04-26T09:17:24.094157Z	Found wrangler.toml file. Reading build configuration...
2026-04-26T09:17:25.191833Z	A Wrangler configuration file was found but it does not appear to be valid. Did you mean to use wrangler.toml to configure Pages? If so, then make sure the file is valid and contains the `pages_build_output_dir` property. Skipping file and continuing.
2026-04-26T09:17:25.353806Z	Detected the following tools from environment: npm@10.9.2, nodejs@22.16.0
2026-04-26T09:17:25.354336Z	Installing project dependencies: npm clean-install --progress=false
2026-04-26T09:17:28.381666Z	npm warn deprecated path-match@1.2.4: This package is archived and no longer maintained. For support, visit https://github.com/expressjs/express/discussions
2026-04-26T09:17:29.090728Z	npm warn deprecated tar@6.2.1: Old versions of tar are not supported, and contain widely publicized security vulnerabilities, which have been fixed in the current version. Please update. Support for old versions may be purchased (at exorbitant rates) by contacting i@izs.me
2026-04-26T09:17:31.424952Z	npm warn deprecated glob@10.5.0: Old versions of glob are not supported, and contain widely publicized security vulnerabilities, which have been fixed in the current version. Please update. Support for old versions may be purchased (at exorbitant rates) by contacting i@izs.me
2026-04-26T09:17:31.790441Z	npm warn deprecated @cloudflare/next-on-pages@1.13.16: Please use the OpenNext adapter instead: https://opennext.js.org/cloudflare
2026-04-26T09:17:44.346221Z	npm warn deprecated next@15.5.2: This version has a security vulnerability. Please upgrade to a patched version. See https://nextjs.org/blog/CVE-2025-66478 for more details.
2026-04-26T09:17:49.519367Z	
2026-04-26T09:17:49.519591Z	added 650 packages, and audited 651 packages in 24s
2026-04-26T09:17:49.519642Z	
2026-04-26T09:17:49.519678Z	173 packages are looking for funding
2026-04-26T09:17:49.519708Z	  run `npm fund` for details
2026-04-26T09:17:49.65389Z	
2026-04-26T09:17:49.654144Z	23 vulnerabilities (2 low, 12 moderate, 7 high, 2 critical)
2026-04-26T09:17:49.6542Z	
2026-04-26T09:17:49.654233Z	To address issues that do not require attention, run:
2026-04-26T09:17:49.654264Z	  npm audit fix
2026-04-26T09:17:49.654299Z	
2026-04-26T09:17:49.654347Z	Some issues need review, and may require choosing
2026-04-26T09:17:49.654404Z	a different dependency.
2026-04-26T09:17:49.654446Z	
2026-04-26T09:17:49.654475Z	Run `npm audit` for details.
2026-04-26T09:17:49.733806Z	Executing user command: npx @cloudflare/next-on-pages@1
2026-04-26T09:17:50.361391Z	⚡️ @cloudflare/next-on-pages CLI v.1.13.16
2026-04-26T09:17:50.532218Z	⚡️ Detected Package Manager: npm (10.9.2)
2026-04-26T09:17:50.532455Z	⚡️ Preparing project...
2026-04-26T09:17:50.535069Z	⚡️ Project is ready
2026-04-26T09:17:50.535279Z	⚡️ Building project...
2026-04-26T09:17:51.199221Z	▲  Vercel CLI 47.0.4
2026-04-26T09:17:51.203521Z	▲  > NOTE: The Vercel CLI now collects telemetry regarding usage of the CLI.
2026-04-26T09:17:51.2039Z	▲  > This information is used to shape the CLI roadmap and prioritize features.
2026-04-26T09:17:51.203984Z	▲  > You can learn more, including how to opt-out if you'd not like to participate in this program, by visiting the following URL:
2026-04-26T09:17:51.204033Z	▲  > https://vercel.com/docs/cli/about-telemetry
2026-04-26T09:17:51.293725Z	▲  WARN! Build not running on Vercel. System environment variables will not be available.
2026-04-26T09:17:51.444413Z	▲  Installing dependencies...
2026-04-26T09:17:52.335337Z	▲  up to date in 773ms
2026-04-26T09:17:52.335696Z	▲  173 packages are looking for funding
2026-04-26T09:17:52.335779Z	▲  run `npm fund` for details
2026-04-26T09:17:52.349846Z	▲  Detected Next.js version: 15.5.2
2026-04-26T09:17:52.356242Z	▲  Running "npm run build"
2026-04-26T09:17:52.536768Z	▲  > frontend@0.1.0 build
2026-04-26T09:17:52.537248Z	▲  > next build
2026-04-26T09:17:53.308696Z	▲  Attention: Next.js now collects completely anonymous telemetry regarding usage.
2026-04-26T09:17:53.309239Z	▲  This information is used to shape Next.js' roadmap and prioritize features.
2026-04-26T09:17:53.309348Z	▲  You can learn more, including how to opt-out if you'd not like to participate in this anonymous program, by visiting the following URL:
2026-04-26T09:17:53.309404Z	▲  https://nextjs.org/telemetry
2026-04-26T09:17:53.358028Z	▲  ▲ Next.js 15.5.2
2026-04-26T09:17:53.358219Z	▲  - Experiments (use with caution):
2026-04-26T09:17:53.358332Z	▲    · optimizePackageImports
2026-04-26T09:17:53.437679Z	▲  Creating an optimized production build ...
2026-04-26T09:18:10.750048Z	▲  ✓ Compiled successfully in 14.5s
2026-04-26T09:18:10.754237Z	▲  Linting and checking validity of types ...
2026-04-26T09:18:13.494768Z	▲  ./src/app/page.tsx
2026-04-26T09:18:13.495053Z	▲  46:13  Warning: 'peak' is assigned a value but never used.  @typescript-eslint/no-unused-vars
2026-04-26T09:18:13.495103Z	▲  
2026-04-26T09:18:13.495135Z	▲  ./src/app/track/page.tsx
2026-04-26T09:18:13.495163Z	▲  49:38  Warning: Unexpected any. Specify a different type.  @typescript-eslint/no-explicit-any
2026-04-26T09:18:13.495192Z	▲  78:19  Warning: Unexpected any. Specify a different type.  @typescript-eslint/no-explicit-any
2026-04-26T09:18:13.495236Z	▲  181:27  Warning: 'pending' is assigned a value but never used.  @typescript-eslint/no-unused-vars
2026-04-26T09:18:13.495264Z	▲  249:43  Warning: Unexpected any. Specify a different type.  @typescript-eslint/no-explicit-any
2026-04-26T09:18:13.4953Z	▲  
2026-04-26T09:18:13.495327Z	▲  ./src/components/3d/ProductModel.tsx
2026-04-26T09:18:13.495358Z	▲  55:41  Warning: Unexpected any. Specify a different type.  @typescript-eslint/no-explicit-any
2026-04-26T09:18:13.49541Z	▲  
2026-04-26T09:18:13.495442Z	▲  ./src/components/3d/ScrollScene.tsx
2026-04-26T09:18:13.49547Z	▲  8:42  Warning: 'MeshStandardMaterial' is defined but never used.  @typescript-eslint/no-unused-vars
2026-04-26T09:18:13.495531Z	▲  61:37  Warning: Unexpected any. Specify a different type.  @typescript-eslint/no-explicit-any
2026-04-26T09:18:13.495573Z	▲  70:21  Warning: Unexpected any. Specify a different type.  @typescript-eslint/no-explicit-any
2026-04-26T09:18:13.495601Z	▲  80:19  Warning: Unexpected any. Specify a different type.  @typescript-eslint/no-explicit-any
2026-04-26T09:18:13.495676Z	▲  123:30  Warning: Unexpected any. Specify a different type.  @typescript-eslint/no-explicit-any
2026-04-26T09:18:13.495717Z	▲  135:30  Warning: Unexpected any. Specify a different type.  @typescript-eslint/no-explicit-any
2026-04-26T09:18:13.495745Z	▲  
2026-04-26T09:18:13.495772Z	▲  ./src/hooks/useScrollAnimation.ts
2026-04-26T09:18:13.495804Z	▲  29:11  Warning: Unused eslint-disable directive (no problems were reported from '@typescript-eslint/no-explicit-any').
2026-04-26T09:18:13.495845Z	▲  34:16  Warning: Unexpected any. Specify a different type.  @typescript-eslint/no-explicit-any
2026-04-26T09:18:13.495878Z	▲  56:9  Warning: Unused eslint-disable directive (no problems were reported from '@typescript-eslint/no-explicit-any').
2026-04-26T09:18:13.495961Z	▲  62:14  Warning: Unexpected any. Specify a different type.  @typescript-eslint/no-explicit-any
2026-04-26T09:18:13.496005Z	▲  
2026-04-26T09:18:13.496034Z	▲  ./src/store/cart.ts
2026-04-26T09:18:13.496077Z	▲  40:33  Warning: Unexpected any. Specify a different type.  @typescript-eslint/no-explicit-any
2026-04-26T09:18:13.496126Z	▲  40:68  Warning: Unexpected any. Specify a different type.  @typescript-eslint/no-explicit-any
2026-04-26T09:18:13.496177Z	▲  51:32  Warning: Unexpected any. Specify a different type.  @typescript-eslint/no-explicit-any
2026-04-26T09:18:13.496225Z	▲  52:24  Warning: Unexpected any. Specify a different type.  @typescript-eslint/no-explicit-any
2026-04-26T09:18:13.49626Z	▲  52:58  Warning: Unexpected any. Specify a different type.  @typescript-eslint/no-explicit-any
2026-04-26T09:18:13.496286Z	▲  62:32  Warning: Unexpected any. Specify a different type.  @typescript-eslint/no-explicit-any
2026-04-26T09:18:13.496341Z	▲  63:24  Warning: Unexpected any. Specify a different type.  @typescript-eslint/no-explicit-any
2026-04-26T09:18:13.49638Z	▲  63:58  Warning: Unexpected any. Specify a different type.  @typescript-eslint/no-explicit-any
2026-04-26T09:18:13.496408Z	▲  79:32  Warning: Unexpected any. Specify a different type.  @typescript-eslint/no-explicit-any
2026-04-26T09:18:13.496437Z	▲  79:73  Warning: Unexpected any. Specify a different type.  @typescript-eslint/no-explicit-any
2026-04-26T09:18:13.496464Z	▲  
2026-04-26T09:18:13.496586Z	▲  info  - Need to disable some ESLint rules? Learn more here: https://nextjs.org/docs/app/api-reference/config/eslint#disabling-rules
2026-04-26T09:18:16.207568Z	▲  Collecting page data ...
2026-04-26T09:18:16.579012Z	▲  ⚠ Using edge runtime on a page currently disables static generation for that page
2026-04-26T09:18:17.906501Z	▲  Generating static pages (0/29) ...
2026-04-26T09:18:18.494992Z	▲  Generating static pages (7/29)
2026-04-26T09:18:18.733525Z	▲  Generating static pages (14/29) 
2026-04-26T09:18:18.734008Z	▲  Generating static pages (21/29)
2026-04-26T09:18:18.734103Z	▲  ✓ Generating static pages (29/29)
2026-04-26T09:18:19.253604Z	▲  Finalizing page optimization ...
2026-04-26T09:18:19.253893Z	▲  Collecting build traces ...
2026-04-26T09:18:25.201131Z	▲  
2026-04-26T09:18:25.203811Z	▲  Route (app)                                 Size  First Load JS
2026-04-26T09:18:25.204188Z	▲  ┌ ○ /                                    3.51 kB         158 kB
2026-04-26T09:18:25.204264Z	▲  ├ ○ /_not-found                            993 B         103 kB
2026-04-26T09:18:25.204311Z	▲  ├ ○ /about                                 178 B         106 kB
2026-04-26T09:18:25.204346Z	▲  ├ ○ /admin/orders                        4.94 kB         107 kB
2026-04-26T09:18:25.204378Z	▲  ├ ƒ /api/admin/orders                      141 B         102 kB
2026-04-26T09:18:25.204409Z	▲  ├ ƒ /api/admin/orders/[id]                 141 B         102 kB
2026-04-26T09:18:25.204451Z	▲  ├ ƒ /api/checkout                          141 B         102 kB
2026-04-26T09:18:25.204484Z	▲  ├ ƒ /api/reviews                           141 B         102 kB
2026-04-26T09:18:25.204541Z	▲  ├ ƒ /api/track                             141 B         102 kB
2026-04-26T09:18:25.204574Z	▲  ├ ƒ /api/webhook                           141 B         102 kB
2026-04-26T09:18:25.204602Z	▲  ├ ○ /cart                                 4.3 kB         115 kB
2026-04-26T09:18:25.204629Z	▲  ├ ○ /cgv                                   178 B         106 kB
2026-04-26T09:18:25.204661Z	▲  ├ ○ /checkout                              141 B         102 kB
2026-04-26T09:18:25.20469Z	▲  ├ ● /components/[slug]                     178 B         106 kB
2026-04-26T09:18:25.204716Z	▲  ├   ├ /components/body
2026-04-26T09:18:25.204743Z	▲  ├   ├ /components/top
2026-04-26T09:18:25.204769Z	▲  ├   ├ /components/bottom
2026-04-26T09:18:25.204794Z	▲  ├   └ [+2 more paths]
2026-04-26T09:18:25.20482Z	▲  ├ ○ /confidentialite                       178 B         106 kB
2026-04-26T09:18:25.204846Z	▲  ├ ○ /mentions-legales                      178 B         106 kB
2026-04-26T09:18:25.204872Z	▲  ├ ○ /shop                                2.83 kB         168 kB
2026-04-26T09:18:25.204911Z	▲  ├ ● /shop/[slug]                         3.99 kB         121 kB
2026-04-26T09:18:25.204939Z	▲  ├   ├ /shop/axion-pad-standard
2026-04-26T09:18:25.204966Z	▲  ├   ├ /shop/axion-pad-pro
2026-04-26T09:18:25.204993Z	▲  ├   ├ /shop/axion-pad-mini
2026-04-26T09:18:25.205018Z	▲  ├   └ [+5 more paths]
2026-04-26T09:18:25.205044Z	▲  ├ ○ /software                              178 B         106 kB
2026-04-26T09:18:25.20507Z	▲  ├ ○ /success                               178 B         106 kB
2026-04-26T09:18:25.205101Z	▲  └ ○ /track                               3.14 kB         109 kB
2026-04-26T09:18:25.205131Z	▲  + First Load JS shared by all             102 kB
2026-04-26T09:18:25.205158Z	▲  ├ chunks/255-e3bf15caf1f1e0f9.js       45.7 kB
2026-04-26T09:18:25.20519Z	▲  ├ chunks/4bd1b696-c023c6e3521b1417.js  54.2 kB
2026-04-26T09:18:25.205243Z	▲  └ other shared chunks (total)          2.09 kB
2026-04-26T09:18:25.205307Z	▲  ○  (Static)   prerendered as static content
2026-04-26T09:18:25.205372Z	▲  ●  (SSG)      prerendered as static HTML (uses generateStaticParams)
2026-04-26T09:18:25.205421Z	▲  ƒ  (Dynamic)  server-rendered on demand
2026-04-26T09:18:25.665367Z	▲  Traced Next.js server files in: 345.622ms
2026-04-26T09:18:25.776058Z	▲  Created all serverless functions in: 110.515ms
2026-04-26T09:18:26.048657Z	▲  Collected static files (public/, static/, .next/static): 6.508ms
2026-04-26T09:18:26.140813Z	▲  Build Completed in .vercel/output [35s]
2026-04-26T09:18:26.311447Z	⚡️ Completed `npx vercel build`.
2026-04-26T09:18:26.65351Z	⚡️ Invalid prerender config for /components/[slug]
2026-04-26T09:18:26.654047Z	⚡️ Invalid prerender config for /components/[slug].rsc
2026-04-26T09:18:26.675534Z	⚡️ Invalid prerender config for /shop/[slug]
2026-04-26T09:18:26.676254Z	⚡️ Invalid prerender config for /shop/[slug].rsc
2026-04-26T09:18:27.746903Z	
2026-04-26T09:18:27.74714Z	⚡️ Build Summary (@cloudflare/next-on-pages v1.13.16)
2026-04-26T09:18:27.7472Z	⚡️ 
2026-04-26T09:18:27.747251Z	⚡️ Edge Function Routes (6)
2026-04-26T09:18:27.747301Z	⚡️   ┌ /api/admin/orders
2026-04-26T09:18:27.747342Z	⚡️   ├ /api/admin/orders/[id]
2026-04-26T09:18:27.747374Z	⚡️   ├ /api/checkout
2026-04-26T09:18:27.747405Z	⚡️   ├ /api/reviews
2026-04-26T09:18:27.747443Z	⚡️   ├ /api/track
2026-04-26T09:18:27.747491Z	⚡️   └ /api/webhook
2026-04-26T09:18:27.747529Z	⚡️ 
2026-04-26T09:18:27.747564Z	⚡️ Prerendered Routes (53)
2026-04-26T09:18:27.747614Z	⚡️   ┌ /
2026-04-26T09:18:27.747667Z	⚡️   ├ /_not-found
2026-04-26T09:18:27.747713Z	⚡️   ├ /_not-found.rsc
2026-04-26T09:18:27.747761Z	⚡️   ├ /about
2026-04-26T09:18:27.747795Z	⚡️   ├ /about.rsc
2026-04-26T09:18:27.747826Z	⚡️   ├ /admin/orders
2026-04-26T09:18:27.747853Z	⚡️   ├ /admin/orders.rsc
2026-04-26T09:18:27.747885Z	⚡️   ├ /cart
2026-04-26T09:18:27.747934Z	⚡️   ├ /cart.rsc
2026-04-26T09:18:27.747967Z	⚡️   ├ /cgv
2026-04-26T09:18:27.747997Z	⚡️   ├ /cgv.rsc
2026-04-26T09:18:27.748027Z	⚡️   ├ /checkout
2026-04-26T09:18:27.748056Z	⚡️   ├ /checkout.rsc
2026-04-26T09:18:27.748086Z	⚡️   ├ /components/body
2026-04-26T09:18:27.748117Z	⚡️   ├ /components/body.rsc
2026-04-26T09:18:27.748154Z	⚡️   ├ /components/bottom
2026-04-26T09:18:27.748186Z	⚡️   ├ /components/bottom.rsc
2026-04-26T09:18:27.748216Z	⚡️   ├ /components/pcb
2026-04-26T09:18:27.748242Z	⚡️   ├ /components/pcb.rsc
2026-04-26T09:18:27.748272Z	⚡️   └ ... 34 more
2026-04-26T09:18:27.748305Z	⚡️ 
2026-04-26T09:18:27.748331Z	⚡️ Other Static Assets (66)
2026-04-26T09:18:27.748356Z	⚡️   ┌ /_app.rsc.json
2026-04-26T09:18:27.748382Z	⚡️   ├ /_document.rsc.json
2026-04-26T09:18:27.748432Z	⚡️   ├ /_error.rsc.json
2026-04-26T09:18:27.748464Z	⚡️   ├ /404.html
2026-04-26T09:18:27.74849Z	⚡️   └ ... 62 more
2026-04-26T09:18:27.748516Z	
2026-04-26T09:18:27.779139Z	⚡️ Build log saved to '.vercel/output/static/_worker.js/nop-build-log.json'
2026-04-26T09:18:27.779362Z	⚡️ Generated '.vercel/output/static/_worker.js/index.js'.
2026-04-26T09:18:27.78135Z	⚡️ Build completed in 1.47s
2026-04-26T09:18:27.823087Z	Finished
2026-04-26T09:18:28.421363Z	Checking for configuration in a Wrangler configuration file (BETA)
2026-04-26T09:18:28.421719Z	
2026-04-26T09:18:28.421781Z	Found wrangler.toml file. Reading build configuration...
2026-04-26T09:18:29.506479Z	A Wrangler configuration file was found but it does not appear to be valid. Did you mean to use wrangler.toml to configure Pages? If so, then make sure the file is valid and contains the `pages_build_output_dir` property. Skipping file and continuing.
2026-04-26T09:18:29.507031Z	Found _worker.js in output directory. Uploading.
2026-04-26T09:18:29.511794Z	 ⛅️ wrangler 3.101.0
2026-04-26T09:18:29.511921Z	-------------------
2026-04-26T09:18:30.232986Z	Attaching additional modules:
2026-04-26T09:18:30.240997Z	┌─────────────────────────────────────────────────────────────────────┬──────┬────────────┐
2026-04-26T09:18:30.241156Z	│ Name                                                                │ Type │ Size       │
2026-04-26T09:18:30.241208Z	├─────────────────────────────────────────────────────────────────────┼──────┼────────────┤
2026-04-26T09:18:30.241261Z	│ __next-on-pages-dist__/cache/adaptor.js                             │ esm  │ 2.29 KiB   │
2026-04-26T09:18:30.241304Z	├─────────────────────────────────────────────────────────────────────┼──────┼────────────┤
2026-04-26T09:18:30.241372Z	│ __next-on-pages-dist__/cache/cache-api.js                           │ esm  │ 0.43 KiB   │
2026-04-26T09:18:30.241418Z	├─────────────────────────────────────────────────────────────────────┼──────┼────────────┤
2026-04-26T09:18:30.24146Z	│ __next-on-pages-dist__/cache/kv.js                                  │ esm  │ 0.35 KiB   │
2026-04-26T09:18:30.241492Z	├─────────────────────────────────────────────────────────────────────┼──────┼────────────┤
2026-04-26T09:18:30.241528Z	│ __next-on-pages-dist__/functions/api/admin/orders/[id].func.js      │ esm  │ 30.67 KiB  │
2026-04-26T09:18:30.241569Z	├─────────────────────────────────────────────────────────────────────┼──────┼────────────┤
2026-04-26T09:18:30.241598Z	│ __next-on-pages-dist__/functions/api/admin/orders.func.js           │ esm  │ 30.27 KiB  │
2026-04-26T09:18:30.241625Z	├─────────────────────────────────────────────────────────────────────┼──────┼────────────┤
2026-04-26T09:18:30.241652Z	│ __next-on-pages-dist__/functions/api/checkout.func.js               │ esm  │ 48.74 KiB  │
2026-04-26T09:18:30.241686Z	├─────────────────────────────────────────────────────────────────────┼──────┼────────────┤
2026-04-26T09:18:30.241728Z	│ __next-on-pages-dist__/functions/api/reviews.func.js                │ esm  │ 30.59 KiB  │
2026-04-26T09:18:30.24177Z	├─────────────────────────────────────────────────────────────────────┼──────┼────────────┤
2026-04-26T09:18:30.241807Z	│ __next-on-pages-dist__/functions/api/track.func.js                  │ esm  │ 31.97 KiB  │
2026-04-26T09:18:30.24184Z	├─────────────────────────────────────────────────────────────────────┼──────┼────────────┤
2026-04-26T09:18:30.241868Z	│ __next-on-pages-dist__/functions/api/webhook.func.js                │ esm  │ 33.37 KiB  │
2026-04-26T09:18:30.241894Z	├─────────────────────────────────────────────────────────────────────┼──────┼────────────┤
2026-04-26T09:18:30.241927Z	│ __next-on-pages-dist__/manifest/88a389dd6c068190adb2efc795e4063c.js │ esm  │ 0.77 KiB   │
2026-04-26T09:18:30.241975Z	├─────────────────────────────────────────────────────────────────────┼──────┼────────────┤
2026-04-26T09:18:30.242005Z	│ __next-on-pages-dist__/webpack/3efb0532a01c808dc07b232bdcb267f2.js  │ esm  │ 2.40 KiB   │
2026-04-26T09:18:30.242033Z	├─────────────────────────────────────────────────────────────────────┼──────┼────────────┤
2026-04-26T09:18:30.242061Z	│ __next-on-pages-dist__/webpack/98f625e05bef5536252814f18567e41c.js  │ esm  │ 121.21 KiB │
2026-04-26T09:18:30.242096Z	├─────────────────────────────────────────────────────────────────────┼──────┼────────────┤
2026-04-26T09:18:30.242133Z	│ __next-on-pages-dist__/webpack/a2a01d6387f4582ac408232d99c6e00f.js  │ esm  │ 266.58 KiB │
2026-04-26T09:18:30.242167Z	├─────────────────────────────────────────────────────────────────────┼──────┼────────────┤
2026-04-26T09:18:30.242203Z	│ Total (13 modules)                                                  │      │ 599.64 KiB │
2026-04-26T09:18:30.242239Z	└─────────────────────────────────────────────────────────────────────┴──────┴────────────┘
2026-04-26T09:18:30.287102Z	✨ Compiled Worker successfully
2026-04-26T09:18:31.342167Z	Found _routes.json in output directory. Uploading.
2026-04-26T09:18:31.350375Z	Validating asset output directory
2026-04-26T09:18:32.340631Z	
2026-04-26T09:18:32.424704Z	[31m✘ [41;31m[[41;97mERROR[41;31m][0m [1mError: Pages only supports files up to 25 MiB in size[0m
2026-04-26T09:18:32.424983Z	
2026-04-26T09:18:32.425073Z	  models/axionpad.glb is 32.3 MiB in size
2026-04-26T09:18:32.425134Z	
2026-04-26T09:18:32.425175Z	
2026-04-26T09:18:32.476316Z	🪵  Logs were written to "/root/.config/.wrangler/logs/wrangler-2026-04-26_09-18-31_928.log"
2026-04-26T09:18:32.557951Z	Failed to validate assets in the output directory with code: 1
2026-04-26T09:18:33.489523Z	Failed: error occurred while validating assets in your output directory. Check the logs above for more information.